<?xml version="1.0" encoding="UTF-8"?>
<testsuite xmlns:xsi="http://www.w3.org/2001/XMLSchema-instance" xsi:noNamespaceSchemaLocation="https://maven.apache.org/surefire/maven-surefire-plugin/xsd/surefire-test-report-3.0.xsd" version="3.0" name="com.exemple.CalculadoraTest" time="0.098" tests="7" errors="0" skipped="0" failures="0">
  <properties>
    <property name="java.specification.version" value="17"/>
    <property name="sun.cpu.isalist" value="amd64"/>
    <property name="sun.jnu.encoding" value="Cp1252"/>
    <property name="java.class.path" value="C:\Users\DevTarde\Documents\Heloisa\4Tprojetos\Java\calculadorajunit\target\test-classes;C:\Users\DevTarde\Documents\Heloisa\4Tprojetos\Java\calculadorajunit\target\classes;C:\Users\DevTarde\.m2\repository\junit\junit\4.13.2\junit-4.13.2.jar;C:\Users\DevTarde\.m2\repository\org\hamcrest\hamcrest-core\1.3\hamcrest-core-1.3.jar;"/>
    <property name="java.vm.vendor" value="Oracle Corporation"/>
    <property name="sun.arch.data.model" value="64"/>
    <property name="user.variant" value=""/>
    <property name="java.vendor.url" value="https://java.oracle.com/"/>
    <property name="user.timezone" value="America/Sao_Paulo"/>
    <property name="os.name" value="Windows 10"/>
    <property name="java.vm.specification.version" value="17"/>
    <property name="user.country" value="BR"/>
    <property name="sun.java.launcher" value="SUN_STANDARD"/>
    <property name="sun.boot.library.path" value="C:\Program Files\Java\jdk-17\bin"/>
    <property name="sun.java.command" value="C:\Users\DevTarde\AppData\Local\Temp\surefire1152513621054877132\surefirebooter-20240726144605476_3.jar C:\Users\DevTarde\AppData\Local\Temp\surefire1152513621054877132 2024-07-26T14-46-05_201-jvmRun1 surefire-20240726144605476_1tmp surefire_0-20240726144605476_2tmp"/>
    <property name="jdk.debug" value="release"/>
    <property name="test" value="com.exemple.CalculadoraTest"/>
    <property name="surefire.test.class.path" value="C:\Users\DevTarde\Documents\Heloisa\4Tprojetos\Java\calculadorajunit\target\test-classes;C:\Users\DevTarde\Documents\Heloisa\4Tprojetos\Java\calculadorajunit\target\classes;C:\Users\DevTarde\.m2\repository\junit\junit\4.13.2\junit-4.13.2.jar;C:\Users\DevTarde\.m2\repository\org\hamcrest\hamcrest-core\1.3\hamcrest-core-1.3.jar;"/>
    <property name="sun.cpu.endian" value="little"/>
    <property name="user.home" value="C:\Users\DevTarde"/>
    <property name="user.language" value="pt"/>
    <property name="java.specification.vendor" value="Oracle Corporation"/>
    <property name="java.version.date" value="2024-07-16"/>
    <property name="java.home" value="C:\Program Files\Java\jdk-17"/>
    <property name="file.separator" value="\"/>
    <property name="basedir" value="C:\Users\DevTarde\Documents\Heloisa\4Tprojetos\Java\calculadorajunit"/>
    <property name="java.vm.compressedOopsMode" value="Zero based"/>
    <property name="line.separator" value="&#10;"/>
    <property name="java.vm.specification.vendor" value="Oracle Corporation"/>
    <property name="java.specification.name" value="Java Platform API Specification"/>
    <property name="surefire.real.class.path" value="C:\Users\DevTarde\AppData\Local\Temp\surefire1152513621054877132\surefirebooter-20240726144605476_3.jar"/>
    <property name="user.script" value=""/>
    <property name="sun.management.compiler" value="HotSpot 64-Bit Tiered Compilers"/>
    <property name="java.runtime.version" value="17.0.12+8-LTS-286"/>
    <property name="user.name" value="DevTarde"/>
    <property name="path.separator" value=";"/>
    <property name="os.version" value="10.0"/>
    <property name="java.runtime.name" value="Java(TM) SE Runtime Environment"/>
    <property name="file.encoding" value="Cp1252"/>
    <property name="java.vm.name" value="Java HotSpot(TM) 64-Bit Server VM"/>
    <property name="maven.ext.class.path" value="C:\Users\DevTarde\.vscode\extensions\oracle.oracle-java-22.1.1\nbcode\java\maven-nblib\netbeans-eventspy.jar"/>
    <property name="localRepository" value="C:\Users\DevTarde\.m2\repository"/>
    <property name="java.vendor.url.bug" value="https://bugreport.java.com/bugreport/"/>
    <property name="java.io.tmpdir" value="C:\Users\DevTarde\AppData\Local\Temp\"/>
    <property name="java.version" value="17.0.12"/>
    <property name="user.dir" value="C:\Users\DevTarde\Documents\Heloisa\4Tprojetos\Java\calculadorajunit"/>
    <property name="os.arch" value="amd64"/>
    <property name="java.vm.specification.name" value="Java Virtual Machine Specification"/>
    <property name="sun.os.patch.level" value=""/>
    <property name="native.encoding" value="Cp1252"/>
    <property name="java.library.path" value="C:\Program Files\Java\jdk-17\bin;C:\windows\Sun\Java\bin;C:\windows\system32;C:\windows;C:\Program Files\Common Files\Oracle\Java\javapath;C:\Program Files (x86)\Common Files\Oracle\Java\javapath;C:\windows\system32;C:\windows;C:\windows\System32\Wbem;C:\windows\System32\WindowsPowerShell\v1.0\;C:\windows\System32\OpenSSH\;C:\Program Files\Git\cmd;C:\Users\DevTarde\AppData\Local\Microsoft\WindowsApps;C:\Users\DevTarde\AppData\Local\Programs\Microsoft VS Code\bin;."/>
    <property name="java.vm.info" value="mixed mode, sharing"/>
    <property name="java.vendor" value="Oracle Corporation"/>
    <property name="java.vm.version" value="17.0.12+8-LTS-286"/>
    <property name="sun.io.unicode.encoding" value="UnicodeLittle"/>
    <property name="java.class.version" value="61.0"/>
  </properties>
  <testcase name="testDivisaoPorZero" classname="com.exemple.CalculadoraTest" time="0.004"/>
  <testcase name="testRaizQuadrada" classname="com.exemple.CalculadoraTest" time="0.0"/>
  <testcase name="testRaizQuadradaNegativa" classname="com.exemple.CalculadoraTest" time="0.0"/>
  <testcase name="testSoma" classname="com.exemple.CalculadoraTest" time="0.0"/>
  <testcase name="testSubtracao" classname="com.exemple.CalculadoraTest" time="0.0"/>
  <testcase name="testDivisao" classname="com.exemple.CalculadoraTest" time="0.0"/>
  <testcase name="testMultiplicacao" classname="com.exemple.CalculadoraTest" time="0.0"/>
</testsuite>